0 verbose cli C:\Program Files\nodejs\node.exe C:\Program Files\nodejs\node_modules\npm\bin\npm-cli.js
1 info using npm@10.9.2
2 info using node@v22.14.0
3 silly config load:file:C:\Program Files\nodejs\node_modules\npm\npmrc
4 silly config load:file:D:\mini project 2\frontend\.npmrc
5 silly config load:file:C:\Users\varun\.npmrc
6 silly config load:file:D:\mini project 2\frontend\node_modules\etc\npmrc
7 verbose title npm install redux
8 verbose argv "install" "redux"
9 verbose logfile logs-max:10 dir:D:\mini project 2\frontend\npm-cache\_logs\2025-07-25T15_18_11_490Z-
10 verbose logfile D:\mini project 2\frontend\npm-cache\_logs\2025-07-25T15_18_11_490Z-debug-0.log
11 silly logfile done cleaning log files
12 silly packumentCache heap:4345298944 maxSize:1086324736 maxEntrySize:543162368
13 silly idealTree buildDeps
14 silly fetch manifest redux@*
15 silly packumentCache full:https://registry.npmjs.org/redux cache-miss
16 http fetch GET 200 https://registry.npmjs.org/redux 3458ms (cache miss)
17 silly packumentCache full:https://registry.npmjs.org/redux set size:undefined disposed:false
18 silly placeDep ROOT redux@5.0.1 OK for: frontend@1.0.0 want: *
19 silly reify moves {}
20 silly audit bulk request {
20 silly audit   '@babel/code-frame': [ '7.27.1' ],
20 silly audit   '@babel/generator': [ '7.28.0' ],
20 silly audit   '@babel/helper-globals': [ '7.28.0' ],
20 silly audit   '@babel/helper-module-imports': [ '7.27.1' ],
20 silly audit   '@babel/helper-string-parser': [ '7.27.1' ],
20 silly audit   '@babel/helper-validator-identifier': [ '7.27.1' ],
20 silly audit   '@babel/parser': [ '7.28.0' ],
20 silly audit   '@babel/runtime': [ '7.28.2' ],
20 silly audit   '@babel/template': [ '7.27.2' ],
20 silly audit   '@babel/traverse': [ '7.28.0' ],
20 silly audit   '@babel/types': [ '7.28.2' ],
20 silly audit   '@emotion/babel-plugin': [ '11.13.5' ],
20 silly audit   '@emotion/cache': [ '11.14.0' ],
20 silly audit   '@emotion/hash': [ '0.9.2' ],
20 silly audit   '@emotion/is-prop-valid': [ '1.3.1' ],
20 silly audit   '@emotion/memoize': [ '0.9.0' ],
20 silly audit   '@emotion/react': [ '11.14.0' ],
20 silly audit   '@emotion/serialize': [ '1.3.3' ],
20 silly audit   '@emotion/sheet': [ '1.4.0' ],
20 silly audit   '@emotion/styled': [ '11.14.1' ],
20 silly audit   '@emotion/unitless': [ '0.10.0' ],
20 silly audit   '@emotion/use-insertion-effect-with-fallbacks': [ '1.2.0' ],
20 silly audit   '@emotion/utils': [ '1.4.2' ],
20 silly audit   '@emotion/weak-memoize': [ '0.4.0' ],
20 silly audit   '@jridgewell/gen-mapping': [ '0.3.12' ],
20 silly audit   '@jridgewell/resolve-uri': [ '3.1.2' ],
20 silly audit   '@jridgewell/sourcemap-codec': [ '1.5.4' ],
20 silly audit   '@jridgewell/trace-mapping': [ '0.3.29' ],
20 silly audit   '@mui/core-downloads-tracker': [ '7.2.0' ],
20 silly audit   '@mui/icons-material': [ '7.2.0' ],
20 silly audit   '@mui/material': [ '7.2.0' ],
20 silly audit   '@mui/private-theming': [ '7.2.0' ],
20 silly audit   '@mui/styled-engine': [ '7.2.0' ],
20 silly audit   '@mui/system': [ '7.2.0' ],
20 silly audit   '@mui/types': [ '7.4.4' ],
20 silly audit   '@mui/utils': [ '7.2.0' ],
20 silly audit   '@popperjs/core': [ '2.11.8' ],
20 silly audit   '@types/parse-json': [ '4.0.2' ],
20 silly audit   '@types/prop-types': [ '15.7.15' ],
20 silly audit   '@types/react': [ '19.1.8' ],
20 silly audit   '@types/react-transition-group': [ '4.4.12' ],
20 silly audit   'babel-plugin-macros': [ '3.1.0' ],
20 silly audit   callsites: [ '3.1.0' ],
20 silly audit   clsx: [ '2.1.1' ],
20 silly audit   'convert-source-map': [ '1.9.0' ],
20 silly audit   cosmiconfig: [ '7.1.0' ],
20 silly audit   csstype: [ '3.1.3' ],
20 silly audit   debug: [ '4.4.1' ],
20 silly audit   'dom-helpers': [ '5.2.1' ],
20 silly audit   'error-ex': [ '1.3.2' ],
20 silly audit   'escape-string-regexp': [ '4.0.0' ],
20 silly audit   'find-root': [ '1.1.0' ],
20 silly audit   'function-bind': [ '1.1.2' ],
20 silly audit   hasown: [ '2.0.2' ],
20 silly audit   'hoist-non-react-statics': [ '3.3.2' ],
20 silly audit   'react-is': [ '16.13.1', '19.1.0' ],
20 silly audit   'import-fresh': [ '3.3.1' ],
20 silly audit   'is-arrayish': [ '0.2.1' ],
20 silly audit   'is-core-module': [ '2.16.1' ],
20 silly audit   'js-tokens': [ '4.0.0' ],
20 silly audit   jsesc: [ '3.1.0' ],
20 silly audit   'json-parse-even-better-errors': [ '2.3.1' ],
20 silly audit   'lines-and-columns': [ '1.2.4' ],
20 silly audit   lodash: [ '4.17.21' ],
20 silly audit   'loose-envify': [ '1.4.0' ],
20 silly audit   ms: [ '2.1.3' ],
20 silly audit   'object-assign': [ '4.1.1' ],
20 silly audit   'parent-module': [ '1.0.1' ],
20 silly audit   'parse-json': [ '5.2.0' ],
20 silly audit   'path-parse': [ '1.0.7' ],
20 silly audit   'path-type': [ '4.0.0' ],
20 silly audit   picocolors: [ '1.1.1' ],
20 silly audit   'prop-types': [ '15.8.1' ],
20 silly audit   react: [ '19.1.0' ],
20 silly audit   'react-dom': [ '19.1.0' ],
20 silly audit   'react-transition-group': [ '4.4.5' ],
20 silly audit   resolve: [ '1.22.10' ],
20 silly audit   'resolve-from': [ '4.0.0' ],
20 silly audit   scheduler: [ '0.26.0' ],
20 silly audit   'source-map': [ '0.5.7' ],
20 silly audit   stylis: [ '4.2.0' ],
20 silly audit   'supports-preserve-symlinks-flag': [ '1.0.0' ],
20 silly audit   yaml: [ '1.10.2' ],
20 silly audit   redux: [ '5.0.1' ]
20 silly audit }
21 http cache redux@https://registry.npmjs.org/redux/-/redux-5.0.1.tgz 0ms (cache hit)
22 silly tarball no local data for redux@https://registry.npmjs.org/redux/-/redux-5.0.1.tgz. Extracting by manifest.
23 http fetch POST 200 https://registry.npmjs.org/-/npm/v1/security/advisories/bulk 1096ms
24 silly audit report {}
25 http fetch GET 200 https://registry.npmjs.org/redux/-/redux-5.0.1.tgz 1469ms (cache miss)
26 silly ADD node_modules/redux
27 verbose cwd D:\mini project 2\frontend
28 verbose os Windows_NT 10.0.26100
29 verbose node v22.14.0
30 verbose npm  v10.9.2
31 verbose exit 0
32 info ok
