0 verbose cli C:\Program Files\nodejs\node.exe C:\Program Files\nodejs\node_modules\npm\bin\npm-cli.js
1 info using npm@10.9.2
2 info using node@v22.14.0
3 silly config load:file:C:\Program Files\nodejs\node_modules\npm\npmrc
4 silly config load:file:D:\mini project 2\frontend\.npmrc
5 silly config load:file:C:\Users\varun\.npmrc
6 silly config load:file:D:\mini project 2\frontend\node_modules\etc\npmrc
7 verbose title npm install react-router-dom @types/react-router-dom
8 verbose argv "install" "react-router-dom" "@types/react-router-dom"
9 verbose logfile logs-max:10 dir:D:\mini project 2\frontend\npm-cache\_logs\2025-07-25T16_13_35_479Z-
10 verbose logfile D:\mini project 2\frontend\npm-cache\_logs\2025-07-25T16_13_35_479Z-debug-0.log
11 silly logfile start cleaning logs, removing 1 files
12 silly packumentCache heap:4345298944 maxSize:1086324736 maxEntrySize:543162368
13 silly logfile done cleaning log files
14 silly idealTree buildDeps
15 silly fetch manifest react-router-dom@*
16 silly packumentCache full:https://registry.npmjs.org/react-router-dom cache-miss
17 http fetch GET 200 https://registry.npmjs.org/react-router-dom 2212ms (cache miss)
18 silly packumentCache full:https://registry.npmjs.org/react-router-dom set size:undefined disposed:false
19 silly fetch manifest react@>=18
20 silly packumentCache full:https://registry.npmjs.org/react cache-miss
21 http fetch GET 200 https://registry.npmjs.org/react 284ms (cache revalidated)
22 silly packumentCache full:https://registry.npmjs.org/react set size:5885251 disposed:false
23 silly fetch manifest react-dom@>=18
24 silly packumentCache full:https://registry.npmjs.org/react-dom cache-miss
25 http fetch GET 200 https://registry.npmjs.org/react-dom 117ms (cache revalidated)
26 silly packumentCache full:https://registry.npmjs.org/react-dom set size:7556847 disposed:false
27 silly fetch manifest @types/react-router-dom@*
28 silly packumentCache full:https://registry.npmjs.org/@types%2freact-router-dom cache-miss
29 http fetch GET 200 https://registry.npmjs.org/@types%2freact-router-dom 1785ms (cache miss)
30 silly packumentCache full:https://registry.npmjs.org/@types%2freact-router-dom set size:undefined disposed:false
31 silly placeDep ROOT @types/react-router-dom@5.3.3 OK for: frontend@1.0.0 want: *
32 silly placeDep ROOT react-router-dom@7.7.1 OK for: frontend@1.0.0 want: *
33 silly fetch manifest @types/history@^4.7.11
34 silly packumentCache full:https://registry.npmjs.org/@types%2fhistory cache-miss
35 silly fetch manifest @types/react-router@*
36 silly packumentCache full:https://registry.npmjs.org/@types%2freact-router cache-miss
37 silly fetch manifest react-router@7.7.1
38 silly packumentCache full:https://registry.npmjs.org/react-router cache-miss
39 http fetch GET 200 https://registry.npmjs.org/@types%2fhistory 157ms (cache miss)
40 silly packumentCache full:https://registry.npmjs.org/@types%2fhistory set size:undefined disposed:false
41 http fetch GET 200 https://registry.npmjs.org/@types%2freact-router 776ms (cache miss)
42 silly packumentCache full:https://registry.npmjs.org/@types%2freact-router set size:undefined disposed:false
43 http fetch GET 200 https://registry.npmjs.org/react-router 972ms (cache miss)
44 silly packumentCache full:https://registry.npmjs.org/react-router set size:undefined disposed:false
45 silly placeDep ROOT @types/history@4.7.11 OK for: @types/react-router-dom@5.3.3 want: ^4.7.11
46 silly placeDep ROOT @types/react-router@5.1.20 OK for: @types/react-router-dom@5.3.3 want: *
47 silly placeDep ROOT react-router@7.7.1 OK for: react-router-dom@7.7.1 want: 7.7.1
48 silly fetch manifest cookie@^1.0.1
49 silly packumentCache full:https://registry.npmjs.org/cookie cache-miss
50 silly fetch manifest set-cookie-parser@^2.6.0
51 silly packumentCache full:https://registry.npmjs.org/set-cookie-parser cache-miss
52 http fetch GET 200 https://registry.npmjs.org/cookie 185ms (cache miss)
53 silly packumentCache full:https://registry.npmjs.org/cookie set size:undefined disposed:false
54 http fetch GET 200 https://registry.npmjs.org/set-cookie-parser 586ms (cache miss)
55 silly packumentCache full:https://registry.npmjs.org/set-cookie-parser set size:undefined disposed:false
56 silly placeDep ROOT cookie@1.0.2 OK for: react-router@7.7.1 want: ^1.0.1
57 silly placeDep ROOT set-cookie-parser@2.7.1 OK for: react-router@7.7.1 want: ^2.6.0
58 silly reify moves {}
59 silly audit bulk request {
59 silly audit   '@babel/code-frame': [ '7.27.1' ],
59 silly audit   '@babel/generator': [ '7.28.0' ],
59 silly audit   '@babel/helper-globals': [ '7.28.0' ],
59 silly audit   '@babel/helper-module-imports': [ '7.27.1' ],
59 silly audit   '@babel/helper-string-parser': [ '7.27.1' ],
59 silly audit   '@babel/helper-validator-identifier': [ '7.27.1' ],
59 silly audit   '@babel/parser': [ '7.28.0' ],
59 silly audit   '@babel/runtime': [ '7.28.2' ],
59 silly audit   '@babel/template': [ '7.27.2' ],
59 silly audit   '@babel/traverse': [ '7.28.0' ],
59 silly audit   '@babel/types': [ '7.28.2' ],
59 silly audit   '@emotion/babel-plugin': [ '11.13.5' ],
59 silly audit   '@emotion/cache': [ '11.14.0' ],
59 silly audit   '@emotion/hash': [ '0.9.2' ],
59 silly audit   '@emotion/is-prop-valid': [ '1.3.1' ],
59 silly audit   '@emotion/memoize': [ '0.9.0' ],
59 silly audit   '@emotion/react': [ '11.14.0' ],
59 silly audit   '@emotion/serialize': [ '1.3.3' ],
59 silly audit   '@emotion/sheet': [ '1.4.0' ],
59 silly audit   '@emotion/styled': [ '11.14.1' ],
59 silly audit   '@emotion/unitless': [ '0.10.0' ],
59 silly audit   '@emotion/use-insertion-effect-with-fallbacks': [ '1.2.0' ],
59 silly audit   '@emotion/utils': [ '1.4.2' ],
59 silly audit   '@emotion/weak-memoize': [ '0.4.0' ],
59 silly audit   '@jridgewell/gen-mapping': [ '0.3.12' ],
59 silly audit   '@jridgewell/resolve-uri': [ '3.1.2' ],
59 silly audit   '@jridgewell/sourcemap-codec': [ '1.5.4' ],
59 silly audit   '@jridgewell/trace-mapping': [ '0.3.29' ],
59 silly audit   '@mui/core-downloads-tracker': [ '7.2.0' ],
59 silly audit   '@mui/icons-material': [ '7.2.0' ],
59 silly audit   '@mui/material': [ '7.2.0' ],
59 silly audit   '@mui/private-theming': [ '7.2.0' ],
59 silly audit   '@mui/styled-engine': [ '7.2.0' ],
59 silly audit   '@mui/system': [ '7.2.0' ],
59 silly audit   '@mui/types': [ '7.4.4' ],
59 silly audit   '@mui/utils': [ '7.2.0' ],
59 silly audit   '@popperjs/core': [ '2.11.8' ],
59 silly audit   '@reduxjs/toolkit': [ '2.8.2' ],
59 silly audit   '@standard-schema/spec': [ '1.0.0' ],
59 silly audit   '@standard-schema/utils': [ '0.3.0' ],
59 silly audit   '@types/parse-json': [ '4.0.2' ],
59 silly audit   '@types/prop-types': [ '15.7.15' ],
59 silly audit   '@types/react': [ '19.1.8' ],
59 silly audit   '@types/react-transition-group': [ '4.4.12' ],
59 silly audit   '@types/use-sync-external-store': [ '0.0.6' ],
59 silly audit   'babel-plugin-macros': [ '3.1.0' ],
59 silly audit   callsites: [ '3.1.0' ],
59 silly audit   clsx: [ '2.1.1' ],
59 silly audit   'convert-source-map': [ '1.9.0' ],
59 silly audit   cosmiconfig: [ '7.1.0' ],
59 silly audit   csstype: [ '3.1.3' ],
59 silly audit   debug: [ '4.4.1' ],
59 silly audit   'dom-helpers': [ '5.2.1' ],
59 silly audit   'error-ex': [ '1.3.2' ],
59 silly audit   'escape-string-regexp': [ '4.0.0' ],
59 silly audit   'find-root': [ '1.1.0' ],
59 silly audit   'function-bind': [ '1.1.2' ],
59 silly audit   hasown: [ '2.0.2' ],
59 silly audit   'hoist-non-react-statics': [ '3.3.2' ],
59 silly audit   'react-is': [ '16.13.1', '19.1.0' ],
59 silly audit   immer: [ '10.1.1' ],
59 silly audit   'import-fresh': [ '3.3.1' ],
59 silly audit   'is-arrayish': [ '0.2.1' ],
59 silly audit   'is-core-module': [ '2.16.1' ],
59 silly audit   'js-tokens': [ '4.0.0' ],
59 silly audit   jsesc: [ '3.1.0' ],
59 silly audit   'json-parse-even-better-errors': [ '2.3.1' ],
59 silly audit   'lines-and-columns': [ '1.2.4' ],
59 silly audit   lodash: [ '4.17.21' ],
59 silly audit   'loose-envify': [ '1.4.0' ],
59 silly audit   ms: [ '2.1.3' ],
59 silly audit   'object-assign': [ '4.1.1' ],
59 silly audit   'parent-module': [ '1.0.1' ],
59 silly audit   'parse-json': [ '5.2.0' ],
59 silly audit   'path-parse': [ '1.0.7' ],
59 silly audit   'path-type': [ '4.0.0' ],
59 silly audit   picocolors: [ '1.1.1' ],
59 silly audit   'prop-types': [ '15.8.1' ],
59 silly audit   react: [ '19.1.0' ],
59 silly audit   'react-dom': [ '19.1.0' ],
59 silly audit   'react-redux': [ '9.2.0' ],
59 silly audit   'react-transition-group': [ '4.4.5' ],
59 silly audit   redux: [ '5.0.1' ],
59 silly audit   'redux-thunk': [ '3.1.0' ],
59 silly audit   reselect: [ '5.1.1' ],
59 silly audit   resolve: [ '1.22.10' ],
59 silly audit   'resolve-from': [ '4.0.0' ],
59 silly audit   scheduler: [ '0.26.0' ],
59 silly audit   'source-map': [ '0.5.7' ],
59 silly audit   stylis: [ '4.2.0' ],
59 silly audit   'supports-preserve-symlinks-flag': [ '1.0.0' ],
59 silly audit   'use-sync-external-store': [ '1.5.0' ],
59 silly audit   yaml: [ '1.10.2' ],
59 silly audit   '@types/react-router-dom': [ '5.3.3' ],
59 silly audit   'react-router-dom': [ '7.7.1' ],
59 silly audit   '@types/history': [ '4.7.11' ],
59 silly audit   '@types/react-router': [ '5.1.20' ],
59 silly audit   'react-router': [ '7.7.1' ],
59 silly audit   cookie: [ '1.0.2' ],
59 silly audit   'set-cookie-parser': [ '2.7.1' ]
59 silly audit }
60 http cache @types/history@https://registry.npmjs.org/@types/history/-/history-4.7.11.tgz 0ms (cache hit)
61 http cache @types/react-router@https://registry.npmjs.org/@types/react-router/-/react-router-5.1.20.tgz 0ms (cache hit)
62 http cache @types/react-router-dom@https://registry.npmjs.org/@types/react-router-dom/-/react-router-dom-5.3.3.tgz 0ms (cache hit)
63 silly tarball no local data for @types/history@https://registry.npmjs.org/@types/history/-/history-4.7.11.tgz. Extracting by manifest.
64 silly tarball no local data for @types/react-router@https://registry.npmjs.org/@types/react-router/-/react-router-5.1.20.tgz. Extracting by manifest.
65 silly tarball no local data for @types/react-router-dom@https://registry.npmjs.org/@types/react-router-dom/-/react-router-dom-5.3.3.tgz. Extracting by manifest.
66 http cache set-cookie-parser@https://registry.npmjs.org/set-cookie-parser/-/set-cookie-parser-2.7.1.tgz 0ms (cache hit)
67 http cache cookie@https://registry.npmjs.org/cookie/-/cookie-1.0.2.tgz 0ms (cache hit)
68 http cache react-router@https://registry.npmjs.org/react-router/-/react-router-7.7.1.tgz 0ms (cache hit)
69 silly tarball no local data for set-cookie-parser@https://registry.npmjs.org/set-cookie-parser/-/set-cookie-parser-2.7.1.tgz. Extracting by manifest.
70 http cache react-router-dom@https://registry.npmjs.org/react-router-dom/-/react-router-dom-7.7.1.tgz 0ms (cache hit)
71 silly tarball no local data for cookie@https://registry.npmjs.org/cookie/-/cookie-1.0.2.tgz. Extracting by manifest.
72 silly tarball no local data for react-router@https://registry.npmjs.org/react-router/-/react-router-7.7.1.tgz. Extracting by manifest.
73 silly tarball no local data for react-router-dom@https://registry.npmjs.org/react-router-dom/-/react-router-dom-7.7.1.tgz. Extracting by manifest.
74 http fetch GET 200 https://registry.npmjs.org/@types/history/-/history-4.7.11.tgz 695ms (cache miss)
75 http fetch GET 200 https://registry.npmjs.org/@types/react-router/-/react-router-5.1.20.tgz 703ms (cache miss)
76 http fetch POST 200 https://registry.npmjs.org/-/npm/v1/security/advisories/bulk 994ms
77 silly audit report {}
78 http fetch GET 200 https://registry.npmjs.org/cookie/-/cookie-1.0.2.tgz 1659ms (cache miss)
79 http fetch GET 200 https://registry.npmjs.org/@types/react-router-dom/-/react-router-dom-5.3.3.tgz 1919ms (cache miss)
80 http fetch GET 200 https://registry.npmjs.org/react-router-dom/-/react-router-dom-7.7.1.tgz 1917ms (cache miss)
81 http fetch GET 200 https://registry.npmjs.org/set-cookie-parser/-/set-cookie-parser-2.7.1.tgz 1921ms (cache miss)
82 http fetch GET 200 https://registry.npmjs.org/react-router/-/react-router-7.7.1.tgz 3857ms (cache miss)
83 silly ADD node_modules/set-cookie-parser
84 silly ADD node_modules/cookie
85 silly ADD node_modules/react-router
86 silly ADD node_modules/@types/react-router
87 silly ADD node_modules/@types/history
88 silly ADD node_modules/react-router-dom
89 silly ADD node_modules/@types/react-router-dom
90 verbose cwd D:\mini project 2\frontend
91 verbose os Windows_NT 10.0.26100
92 verbose node v22.14.0
93 verbose npm  v10.9.2
94 verbose exit 0
95 info ok
