0 verbose cli C:\Program Files\nodejs\node.exe C:\Program Files\nodejs\node_modules\npm\bin\npm-cli.js
1 info using npm@10.9.2
2 info using node@v22.14.0
3 silly config load:file:C:\Program Files\nodejs\node_modules\npm\npmrc
4 silly config load:file:D:\mini project 2\frontend\.npmrc
5 silly config load:file:C:\Users\varun\.npmrc
6 silly config load:file:D:\mini project 2\frontend\node_modules\etc\npmrc
7 verbose title npm install @reduxjs/toolkit
8 verbose argv "install" "@reduxjs/toolkit"
9 verbose logfile logs-max:10 dir:D:\mini project 2\frontend\npm-cache\_logs\2025-07-25T15_18_27_229Z-
10 verbose logfile D:\mini project 2\frontend\npm-cache\_logs\2025-07-25T15_18_27_229Z-debug-0.log
11 silly logfile start cleaning logs, removing 1 files
12 silly packumentCache heap:4345298944 maxSize:1086324736 maxEntrySize:543162368
13 silly logfile done cleaning log files
14 silly idealTree buildDeps
15 silly fetch manifest @reduxjs/toolkit@*
16 silly packumentCache full:https://registry.npmjs.org/@reduxjs%2ftoolkit cache-miss
17 http fetch GET 200 https://registry.npmjs.org/@reduxjs%2ftoolkit 933ms (cache miss)
18 silly packumentCache full:https://registry.npmjs.org/@reduxjs%2ftoolkit set size:undefined disposed:false
19 silly fetch manifest react@^16.9.0 || ^17.0.0 || ^18 || ^19
20 silly packumentCache full:https://registry.npmjs.org/react cache-miss
21 http cache https://registry.npmjs.org/react 23ms (cache hit)
22 silly packumentCache full:https://registry.npmjs.org/react set size:5885251 disposed:false
23 silly fetch manifest react-redux@^9.2.0
24 silly packumentCache full:https://registry.npmjs.org/react-redux cache-miss
25 http cache https://registry.npmjs.org/react-redux 7ms (cache hit)
26 silly packumentCache full:https://registry.npmjs.org/react-redux set size:578468 disposed:false
27 silly fetch manifest @types/react@^18.2.25 || ^19
28 silly packumentCache full:https://registry.npmjs.org/@types%2freact cache-miss
29 http cache https://registry.npmjs.org/@types%2freact 9ms (cache hit)
30 silly packumentCache full:https://registry.npmjs.org/@types%2freact set size:2412792 disposed:false
31 silly fetch manifest redux@^5.0.1
32 silly packumentCache full:https://registry.npmjs.org/redux cache-miss
33 http cache https://registry.npmjs.org/redux 7ms (cache hit)
34 silly packumentCache full:https://registry.npmjs.org/redux set size:553833 disposed:false
35 silly placeDep ROOT @reduxjs/toolkit@2.8.2 OK for: frontend@1.0.0 want: *
36 silly fetch manifest @standard-schema/spec@^1.0.0
37 silly packumentCache full:https://registry.npmjs.org/@standard-schema%2fspec cache-miss
38 silly fetch manifest @standard-schema/utils@^0.3.0
39 silly packumentCache full:https://registry.npmjs.org/@standard-schema%2futils cache-miss
40 silly fetch manifest immer@^10.0.3
41 silly packumentCache full:https://registry.npmjs.org/immer cache-miss
42 silly fetch manifest redux-thunk@^3.1.0
43 silly packumentCache full:https://registry.npmjs.org/redux-thunk cache-miss
44 silly fetch manifest reselect@^5.1.0
45 silly packumentCache full:https://registry.npmjs.org/reselect cache-miss
46 http fetch GET 200 https://registry.npmjs.org/@standard-schema%2fspec 415ms (cache miss)
47 silly packumentCache full:https://registry.npmjs.org/@standard-schema%2fspec set size:undefined disposed:false
48 http fetch GET 200 https://registry.npmjs.org/@standard-schema%2futils 733ms (cache miss)
49 silly packumentCache full:https://registry.npmjs.org/@standard-schema%2futils set size:undefined disposed:false
50 http fetch GET 200 https://registry.npmjs.org/redux-thunk 754ms (cache miss)
51 silly packumentCache full:https://registry.npmjs.org/redux-thunk set size:undefined disposed:false
52 http fetch GET 200 https://registry.npmjs.org/immer 962ms (cache miss)
53 silly packumentCache full:https://registry.npmjs.org/immer set size:undefined disposed:false
54 http fetch GET 200 https://registry.npmjs.org/reselect 1036ms (cache miss)
55 silly packumentCache full:https://registry.npmjs.org/reselect set size:undefined disposed:false
56 silly placeDep ROOT @standard-schema/spec@1.0.0 OK for: @reduxjs/toolkit@2.8.2 want: ^1.0.0
57 silly placeDep ROOT @standard-schema/utils@0.3.0 OK for: @reduxjs/toolkit@2.8.2 want: ^0.3.0
58 silly placeDep ROOT immer@10.1.1 OK for: @reduxjs/toolkit@2.8.2 want: ^10.0.3
59 silly placeDep ROOT redux-thunk@3.1.0 OK for: @reduxjs/toolkit@2.8.2 want: ^3.1.0
60 silly placeDep ROOT reselect@5.1.1 OK for: @reduxjs/toolkit@2.8.2 want: ^5.1.0
61 silly reify moves {}
62 silly audit bulk request {
62 silly audit   '@babel/code-frame': [ '7.27.1' ],
62 silly audit   '@babel/generator': [ '7.28.0' ],
62 silly audit   '@babel/helper-globals': [ '7.28.0' ],
62 silly audit   '@babel/helper-module-imports': [ '7.27.1' ],
62 silly audit   '@babel/helper-string-parser': [ '7.27.1' ],
62 silly audit   '@babel/helper-validator-identifier': [ '7.27.1' ],
62 silly audit   '@babel/parser': [ '7.28.0' ],
62 silly audit   '@babel/runtime': [ '7.28.2' ],
62 silly audit   '@babel/template': [ '7.27.2' ],
62 silly audit   '@babel/traverse': [ '7.28.0' ],
62 silly audit   '@babel/types': [ '7.28.2' ],
62 silly audit   '@emotion/babel-plugin': [ '11.13.5' ],
62 silly audit   '@emotion/cache': [ '11.14.0' ],
62 silly audit   '@emotion/hash': [ '0.9.2' ],
62 silly audit   '@emotion/is-prop-valid': [ '1.3.1' ],
62 silly audit   '@emotion/memoize': [ '0.9.0' ],
62 silly audit   '@emotion/react': [ '11.14.0' ],
62 silly audit   '@emotion/serialize': [ '1.3.3' ],
62 silly audit   '@emotion/sheet': [ '1.4.0' ],
62 silly audit   '@emotion/styled': [ '11.14.1' ],
62 silly audit   '@emotion/unitless': [ '0.10.0' ],
62 silly audit   '@emotion/use-insertion-effect-with-fallbacks': [ '1.2.0' ],
62 silly audit   '@emotion/utils': [ '1.4.2' ],
62 silly audit   '@emotion/weak-memoize': [ '0.4.0' ],
62 silly audit   '@jridgewell/gen-mapping': [ '0.3.12' ],
62 silly audit   '@jridgewell/resolve-uri': [ '3.1.2' ],
62 silly audit   '@jridgewell/sourcemap-codec': [ '1.5.4' ],
62 silly audit   '@jridgewell/trace-mapping': [ '0.3.29' ],
62 silly audit   '@mui/core-downloads-tracker': [ '7.2.0' ],
62 silly audit   '@mui/icons-material': [ '7.2.0' ],
62 silly audit   '@mui/material': [ '7.2.0' ],
62 silly audit   '@mui/private-theming': [ '7.2.0' ],
62 silly audit   '@mui/styled-engine': [ '7.2.0' ],
62 silly audit   '@mui/system': [ '7.2.0' ],
62 silly audit   '@mui/types': [ '7.4.4' ],
62 silly audit   '@mui/utils': [ '7.2.0' ],
62 silly audit   '@popperjs/core': [ '2.11.8' ],
62 silly audit   '@types/parse-json': [ '4.0.2' ],
62 silly audit   '@types/prop-types': [ '15.7.15' ],
62 silly audit   '@types/react': [ '19.1.8' ],
62 silly audit   '@types/react-transition-group': [ '4.4.12' ],
62 silly audit   '@types/use-sync-external-store': [ '0.0.6' ],
62 silly audit   'babel-plugin-macros': [ '3.1.0' ],
62 silly audit   callsites: [ '3.1.0' ],
62 silly audit   clsx: [ '2.1.1' ],
62 silly audit   'convert-source-map': [ '1.9.0' ],
62 silly audit   cosmiconfig: [ '7.1.0' ],
62 silly audit   csstype: [ '3.1.3' ],
62 silly audit   debug: [ '4.4.1' ],
62 silly audit   'dom-helpers': [ '5.2.1' ],
62 silly audit   'error-ex': [ '1.3.2' ],
62 silly audit   'escape-string-regexp': [ '4.0.0' ],
62 silly audit   'find-root': [ '1.1.0' ],
62 silly audit   'function-bind': [ '1.1.2' ],
62 silly audit   hasown: [ '2.0.2' ],
62 silly audit   'hoist-non-react-statics': [ '3.3.2' ],
62 silly audit   'react-is': [ '16.13.1', '19.1.0' ],
62 silly audit   'import-fresh': [ '3.3.1' ],
62 silly audit   'is-arrayish': [ '0.2.1' ],
62 silly audit   'is-core-module': [ '2.16.1' ],
62 silly audit   'js-tokens': [ '4.0.0' ],
62 silly audit   jsesc: [ '3.1.0' ],
62 silly audit   'json-parse-even-better-errors': [ '2.3.1' ],
62 silly audit   'lines-and-columns': [ '1.2.4' ],
62 silly audit   lodash: [ '4.17.21' ],
62 silly audit   'loose-envify': [ '1.4.0' ],
62 silly audit   ms: [ '2.1.3' ],
62 silly audit   'object-assign': [ '4.1.1' ],
62 silly audit   'parent-module': [ '1.0.1' ],
62 silly audit   'parse-json': [ '5.2.0' ],
62 silly audit   'path-parse': [ '1.0.7' ],
62 silly audit   'path-type': [ '4.0.0' ],
62 silly audit   picocolors: [ '1.1.1' ],
62 silly audit   'prop-types': [ '15.8.1' ],
62 silly audit   react: [ '19.1.0' ],
62 silly audit   'react-dom': [ '19.1.0' ],
62 silly audit   'react-redux': [ '9.2.0' ],
62 silly audit   'react-transition-group': [ '4.4.5' ],
62 silly audit   redux: [ '5.0.1' ],
62 silly audit   resolve: [ '1.22.10' ],
62 silly audit   'resolve-from': [ '4.0.0' ],
62 silly audit   scheduler: [ '0.26.0' ],
62 silly audit   'source-map': [ '0.5.7' ],
62 silly audit   stylis: [ '4.2.0' ],
62 silly audit   'supports-preserve-symlinks-flag': [ '1.0.0' ],
62 silly audit   'use-sync-external-store': [ '1.5.0' ],
62 silly audit   yaml: [ '1.10.2' ],
62 silly audit   '@reduxjs/toolkit': [ '2.8.2' ],
62 silly audit   '@standard-schema/spec': [ '1.0.0' ],
62 silly audit   '@standard-schema/utils': [ '0.3.0' ],
62 silly audit   immer: [ '10.1.1' ],
62 silly audit   'redux-thunk': [ '3.1.0' ],
62 silly audit   reselect: [ '5.1.1' ]
62 silly audit }
63 http cache reselect@https://registry.npmjs.org/reselect/-/reselect-5.1.1.tgz 0ms (cache hit)
64 http cache redux-thunk@https://registry.npmjs.org/redux-thunk/-/redux-thunk-3.1.0.tgz 0ms (cache hit)
65 http cache immer@https://registry.npmjs.org/immer/-/immer-10.1.1.tgz 0ms (cache hit)
66 http cache @reduxjs/toolkit@https://registry.npmjs.org/@reduxjs/toolkit/-/toolkit-2.8.2.tgz 0ms (cache hit)
67 silly tarball no local data for reselect@https://registry.npmjs.org/reselect/-/reselect-5.1.1.tgz. Extracting by manifest.
68 silly tarball no local data for redux-thunk@https://registry.npmjs.org/redux-thunk/-/redux-thunk-3.1.0.tgz. Extracting by manifest.
69 silly tarball no local data for immer@https://registry.npmjs.org/immer/-/immer-10.1.1.tgz. Extracting by manifest.
70 silly tarball no local data for @reduxjs/toolkit@https://registry.npmjs.org/@reduxjs/toolkit/-/toolkit-2.8.2.tgz. Extracting by manifest.
71 http cache @standard-schema/utils@https://registry.npmjs.org/@standard-schema/utils/-/utils-0.3.0.tgz 0ms (cache hit)
72 http cache @standard-schema/spec@https://registry.npmjs.org/@standard-schema/spec/-/spec-1.0.0.tgz 0ms (cache hit)
73 silly tarball no local data for @standard-schema/utils@https://registry.npmjs.org/@standard-schema/utils/-/utils-0.3.0.tgz. Extracting by manifest.
74 silly tarball no local data for @standard-schema/spec@https://registry.npmjs.org/@standard-schema/spec/-/spec-1.0.0.tgz. Extracting by manifest.
75 http fetch GET 200 https://registry.npmjs.org/redux-thunk/-/redux-thunk-3.1.0.tgz 292ms (cache miss)
76 http fetch GET 200 https://registry.npmjs.org/immer/-/immer-10.1.1.tgz 351ms (cache miss)
77 http fetch POST 200 https://registry.npmjs.org/-/npm/v1/security/advisories/bulk 461ms
78 silly audit report {}
79 http fetch GET 200 https://registry.npmjs.org/reselect/-/reselect-5.1.1.tgz 461ms (cache miss)
80 http fetch GET 200 https://registry.npmjs.org/@standard-schema/spec/-/spec-1.0.0.tgz 1090ms (cache miss)
81 http fetch GET 200 https://registry.npmjs.org/@reduxjs/toolkit/-/toolkit-2.8.2.tgz 1262ms (cache miss)
82 http fetch GET 200 https://registry.npmjs.org/@standard-schema/utils/-/utils-0.3.0.tgz 1301ms (cache miss)
83 silly ADD node_modules/reselect
84 silly ADD node_modules/redux-thunk
85 silly ADD node_modules/immer
86 silly ADD node_modules/@standard-schema/utils
87 silly ADD node_modules/@standard-schema/spec
88 silly ADD node_modules/@reduxjs/toolkit
89 verbose cwd D:\mini project 2\frontend
90 verbose os Windows_NT 10.0.26100
91 verbose node v22.14.0
92 verbose npm  v10.9.2
93 verbose exit 0
94 info ok
