0 verbose cli C:\Program Files\nodejs\node.exe C:\Program Files\nodejs\node_modules\npm\bin\npm-cli.js
1 info using npm@10.9.2
2 info using node@v22.14.0
3 silly config load:file:C:\Program Files\nodejs\node_modules\npm\npmrc
4 silly config load:file:D:\mini project 2\frontend\.npmrc
5 silly config load:file:C:\Users\varun\.npmrc
6 silly config load:file:D:\mini project 2\frontend\node_modules\etc\npmrc
7 verbose title npm install react-redux
8 verbose argv "install" "react-redux"
9 verbose logfile logs-max:10 dir:D:\mini project 2\frontend\npm-cache\_logs\2025-07-25T15_18_17_035Z-
10 verbose logfile D:\mini project 2\frontend\npm-cache\_logs\2025-07-25T15_18_17_035Z-debug-0.log
11 silly logfile done cleaning log files
12 silly packumentCache heap:4345298944 maxSize:1086324736 maxEntrySize:543162368
13 silly idealTree buildDeps
14 silly fetch manifest react-redux@*
15 silly packumentCache full:https://registry.npmjs.org/react-redux cache-miss
16 http fetch GET 200 https://registry.npmjs.org/react-redux 499ms (cache miss)
17 silly packumentCache full:https://registry.npmjs.org/react-redux set size:undefined disposed:false
18 silly fetch manifest @types/react@^18.2.25 || ^19
19 silly packumentCache full:https://registry.npmjs.org/@types%2freact cache-miss
20 http cache https://registry.npmjs.org/@types%2freact 16ms (cache hit)
21 silly packumentCache full:https://registry.npmjs.org/@types%2freact set size:2412792 disposed:false
22 silly fetch manifest react@^18.0 || ^19
23 silly packumentCache full:https://registry.npmjs.org/react cache-miss
24 http cache https://registry.npmjs.org/react 14ms (cache hit)
25 silly packumentCache full:https://registry.npmjs.org/react set size:5885251 disposed:false
26 silly fetch manifest redux@^5.0.1
27 silly packumentCache full:https://registry.npmjs.org/redux cache-miss
28 http cache https://registry.npmjs.org/redux 7ms (cache hit)
29 silly packumentCache full:https://registry.npmjs.org/redux set size:553833 disposed:false
30 silly placeDep ROOT react-redux@9.2.0 OK for: frontend@1.0.0 want: *
31 silly fetch manifest @types/use-sync-external-store@^0.0.6
32 silly packumentCache full:https://registry.npmjs.org/@types%2fuse-sync-external-store cache-miss
33 silly fetch manifest use-sync-external-store@^1.4.0
34 silly packumentCache full:https://registry.npmjs.org/use-sync-external-store cache-miss
35 http fetch GET 200 https://registry.npmjs.org/@types%2fuse-sync-external-store 108ms (cache miss)
36 silly packumentCache full:https://registry.npmjs.org/@types%2fuse-sync-external-store set size:undefined disposed:false
37 http fetch GET 200 https://registry.npmjs.org/use-sync-external-store 950ms (cache miss)
38 silly packumentCache full:https://registry.npmjs.org/use-sync-external-store set size:undefined disposed:false
39 silly placeDep ROOT @types/use-sync-external-store@0.0.6 OK for: react-redux@9.2.0 want: ^0.0.6
40 silly placeDep ROOT use-sync-external-store@1.5.0 OK for: react-redux@9.2.0 want: ^1.4.0
41 silly reify moves {}
42 silly audit bulk request {
42 silly audit   '@babel/code-frame': [ '7.27.1' ],
42 silly audit   '@babel/generator': [ '7.28.0' ],
42 silly audit   '@babel/helper-globals': [ '7.28.0' ],
42 silly audit   '@babel/helper-module-imports': [ '7.27.1' ],
42 silly audit   '@babel/helper-string-parser': [ '7.27.1' ],
42 silly audit   '@babel/helper-validator-identifier': [ '7.27.1' ],
42 silly audit   '@babel/parser': [ '7.28.0' ],
42 silly audit   '@babel/runtime': [ '7.28.2' ],
42 silly audit   '@babel/template': [ '7.27.2' ],
42 silly audit   '@babel/traverse': [ '7.28.0' ],
42 silly audit   '@babel/types': [ '7.28.2' ],
42 silly audit   '@emotion/babel-plugin': [ '11.13.5' ],
42 silly audit   '@emotion/cache': [ '11.14.0' ],
42 silly audit   '@emotion/hash': [ '0.9.2' ],
42 silly audit   '@emotion/is-prop-valid': [ '1.3.1' ],
42 silly audit   '@emotion/memoize': [ '0.9.0' ],
42 silly audit   '@emotion/react': [ '11.14.0' ],
42 silly audit   '@emotion/serialize': [ '1.3.3' ],
42 silly audit   '@emotion/sheet': [ '1.4.0' ],
42 silly audit   '@emotion/styled': [ '11.14.1' ],
42 silly audit   '@emotion/unitless': [ '0.10.0' ],
42 silly audit   '@emotion/use-insertion-effect-with-fallbacks': [ '1.2.0' ],
42 silly audit   '@emotion/utils': [ '1.4.2' ],
42 silly audit   '@emotion/weak-memoize': [ '0.4.0' ],
42 silly audit   '@jridgewell/gen-mapping': [ '0.3.12' ],
42 silly audit   '@jridgewell/resolve-uri': [ '3.1.2' ],
42 silly audit   '@jridgewell/sourcemap-codec': [ '1.5.4' ],
42 silly audit   '@jridgewell/trace-mapping': [ '0.3.29' ],
42 silly audit   '@mui/core-downloads-tracker': [ '7.2.0' ],
42 silly audit   '@mui/icons-material': [ '7.2.0' ],
42 silly audit   '@mui/material': [ '7.2.0' ],
42 silly audit   '@mui/private-theming': [ '7.2.0' ],
42 silly audit   '@mui/styled-engine': [ '7.2.0' ],
42 silly audit   '@mui/system': [ '7.2.0' ],
42 silly audit   '@mui/types': [ '7.4.4' ],
42 silly audit   '@mui/utils': [ '7.2.0' ],
42 silly audit   '@popperjs/core': [ '2.11.8' ],
42 silly audit   '@types/parse-json': [ '4.0.2' ],
42 silly audit   '@types/prop-types': [ '15.7.15' ],
42 silly audit   '@types/react': [ '19.1.8' ],
42 silly audit   '@types/react-transition-group': [ '4.4.12' ],
42 silly audit   'babel-plugin-macros': [ '3.1.0' ],
42 silly audit   callsites: [ '3.1.0' ],
42 silly audit   clsx: [ '2.1.1' ],
42 silly audit   'convert-source-map': [ '1.9.0' ],
42 silly audit   cosmiconfig: [ '7.1.0' ],
42 silly audit   csstype: [ '3.1.3' ],
42 silly audit   debug: [ '4.4.1' ],
42 silly audit   'dom-helpers': [ '5.2.1' ],
42 silly audit   'error-ex': [ '1.3.2' ],
42 silly audit   'escape-string-regexp': [ '4.0.0' ],
42 silly audit   'find-root': [ '1.1.0' ],
42 silly audit   'function-bind': [ '1.1.2' ],
42 silly audit   hasown: [ '2.0.2' ],
42 silly audit   'hoist-non-react-statics': [ '3.3.2' ],
42 silly audit   'react-is': [ '16.13.1', '19.1.0' ],
42 silly audit   'import-fresh': [ '3.3.1' ],
42 silly audit   'is-arrayish': [ '0.2.1' ],
42 silly audit   'is-core-module': [ '2.16.1' ],
42 silly audit   'js-tokens': [ '4.0.0' ],
42 silly audit   jsesc: [ '3.1.0' ],
42 silly audit   'json-parse-even-better-errors': [ '2.3.1' ],
42 silly audit   'lines-and-columns': [ '1.2.4' ],
42 silly audit   lodash: [ '4.17.21' ],
42 silly audit   'loose-envify': [ '1.4.0' ],
42 silly audit   ms: [ '2.1.3' ],
42 silly audit   'object-assign': [ '4.1.1' ],
42 silly audit   'parent-module': [ '1.0.1' ],
42 silly audit   'parse-json': [ '5.2.0' ],
42 silly audit   'path-parse': [ '1.0.7' ],
42 silly audit   'path-type': [ '4.0.0' ],
42 silly audit   picocolors: [ '1.1.1' ],
42 silly audit   'prop-types': [ '15.8.1' ],
42 silly audit   react: [ '19.1.0' ],
42 silly audit   'react-dom': [ '19.1.0' ],
42 silly audit   'react-transition-group': [ '4.4.5' ],
42 silly audit   redux: [ '5.0.1' ],
42 silly audit   resolve: [ '1.22.10' ],
42 silly audit   'resolve-from': [ '4.0.0' ],
42 silly audit   scheduler: [ '0.26.0' ],
42 silly audit   'source-map': [ '0.5.7' ],
42 silly audit   stylis: [ '4.2.0' ],
42 silly audit   'supports-preserve-symlinks-flag': [ '1.0.0' ],
42 silly audit   yaml: [ '1.10.2' ],
42 silly audit   'react-redux': [ '9.2.0' ],
42 silly audit   '@types/use-sync-external-store': [ '0.0.6' ],
42 silly audit   'use-sync-external-store': [ '1.5.0' ]
42 silly audit }
43 http cache @types/use-sync-external-store@https://registry.npmjs.org/@types/use-sync-external-store/-/use-sync-external-store-0.0.6.tgz 0ms (cache hit)
44 http cache use-sync-external-store@https://registry.npmjs.org/use-sync-external-store/-/use-sync-external-store-1.5.0.tgz 0ms (cache hit)
45 http cache react-redux@https://registry.npmjs.org/react-redux/-/react-redux-9.2.0.tgz 0ms (cache hit)
46 silly tarball no local data for @types/use-sync-external-store@https://registry.npmjs.org/@types/use-sync-external-store/-/use-sync-external-store-0.0.6.tgz. Extracting by manifest.
47 silly tarball no local data for use-sync-external-store@https://registry.npmjs.org/use-sync-external-store/-/use-sync-external-store-1.5.0.tgz. Extracting by manifest.
48 silly tarball no local data for react-redux@https://registry.npmjs.org/react-redux/-/react-redux-9.2.0.tgz. Extracting by manifest.
49 http fetch GET 200 https://registry.npmjs.org/@types/use-sync-external-store/-/use-sync-external-store-0.0.6.tgz 211ms (cache miss)
50 http fetch POST 200 https://registry.npmjs.org/-/npm/v1/security/advisories/bulk 366ms
51 silly audit report {}
52 http fetch GET 200 https://registry.npmjs.org/use-sync-external-store/-/use-sync-external-store-1.5.0.tgz 411ms (cache miss)
53 http fetch GET 200 https://registry.npmjs.org/react-redux/-/react-redux-9.2.0.tgz 573ms (cache miss)
54 silly ADD node_modules/use-sync-external-store
55 silly ADD node_modules/@types/use-sync-external-store
56 silly ADD node_modules/react-redux
57 verbose cwd D:\mini project 2\frontend
58 verbose os Windows_NT 10.0.26100
59 verbose node v22.14.0
60 verbose npm  v10.9.2
61 verbose exit 0
62 info ok
